{"/Users/ayobamiadelakun/Documents/projects/uni-admin/server/src/__tests__/helpers.ts": {"path":"/Users/ayobamiadelakun/Documents/projects/uni-admin/server/src/__tests__/helpers.ts","statementMap":{"0":{"start":{"line":1,"column":0},"end":{"line":1,"column":53}},"1":{"start":{"line":2,"column":0},"end":{"line":2,"column":56}},"2":{"start":{"line":4,"column":0},"end":{"line":4,"column":49}},"3":{"start":{"line":7,"column":32},"end":{"line":17,"column":1}},"4":{"start":{"line":8,"column":17},"end":{"line":14,"column":4}},"5":{"start":{"line":13,"column":19},"end":{"line":13,"column":22}},"6":{"start":{"line":16,"column":2},"end":{"line":16,"column":null}},"7":{"start":{"line":7,"column":13},"end":{"line":7,"column":32}}},"fnMap":{"0":{"name":"(anonymous_0)","decl":{"start":{"line":7,"column":32},"end":{"line":7,"column":33}},"loc":{"start":{"line":7,"column":45},"end":{"line":17,"column":1}}},"1":{"name":"(anonymous_1)","decl":{"start":{"line":13,"column":13},"end":{"line":13,"column":16}},"loc":{"start":{"line":13,"column":19},"end":{"line":13,"column":22}}}},"branchMap":{},"s":{"0":5,"1":5,"2":5,"3":5,"4":15,"5":15,"6":15,"7":5},"f":{"0":15,"1":15},"b":{}}
,"/Users/ayobamiadelakun/Documents/projects/uni-admin/server/src/__tests__/mutations/mutations.ts": {"path":"/Users/ayobamiadelakun/Documents/projects/uni-admin/server/src/__tests__/mutations/mutations.ts","statementMap":{"0":{"start":{"line":1,"column":0},"end":{"line":1,"column":44}},"1":{"start":{"line":3,"column":13},"end":{"line":13,"column":2}},"2":{"start":{"line":16,"column":13},"end":{"line":26,"column":null}},"3":{"start":{"line":28,"column":14},"end":{"line":36,"column":null}},"4":{"start":{"line":38,"column":14},"end":{"line":46,"column":null}}},"fnMap":{},"branchMap":{},"s":{"0":3,"1":3,"2":3,"3":3,"4":3},"f":{},"b":{}}
,"/Users/ayobamiadelakun/Documents/projects/uni-admin/server/src/__tests__/queries/queries.ts": {"path":"/Users/ayobamiadelakun/Documents/projects/uni-admin/server/src/__tests__/queries/queries.ts","statementMap":{"0":{"start":{"line":1,"column":0},"end":{"line":1,"column":44}},"1":{"start":{"line":3,"column":13},"end":{"line":12,"column":2}},"2":{"start":{"line":14,"column":13},"end":{"line":24,"column":2}},"3":{"start":{"line":26,"column":13},"end":{"line":32,"column":2}}},"fnMap":{},"branchMap":{},"s":{"0":2,"1":2,"2":2,"3":2},"f":{},"b":{}}
,"/Users/ayobamiadelakun/Documents/projects/uni-admin/server/src/__tests__/test_data/index.ts": {"path":"/Users/ayobamiadelakun/Documents/projects/uni-admin/server/src/__tests__/test_data/index.ts","statementMap":{"0":{"start":{"line":1,"column":0},"end":{"line":1,"column":35}},"1":{"start":{"line":3,"column":13},"end":{"line":44,"column":2}},"2":{"start":{"line":47,"column":13},"end":{"line":83,"column":null}},"3":{"start":{"line":86,"column":13},"end":{"line":92,"column":2}}},"fnMap":{},"branchMap":{},"s":{"0":4,"1":4,"2":4,"3":4},"f":{},"b":{}}
,"/Users/ayobamiadelakun/Documents/projects/uni-admin/server/src/graphql/index.ts": {"path":"/Users/ayobamiadelakun/Documents/projects/uni-admin/server/src/graphql/index.ts","statementMap":{"0":{"start":{"line":1,"column":0},"end":{"line":1,"column":26}},"1":{"start":{"line":2,"column":0},"end":{"line":2,"column":27}}},"fnMap":{},"branchMap":{},"s":{"0":5,"1":5},"f":{},"b":{}}
,"/Users/ayobamiadelakun/Documents/projects/uni-admin/server/src/graphql/resolvers/index.ts": {"path":"/Users/ayobamiadelakun/Documents/projects/uni-admin/server/src/graphql/resolvers/index.ts","statementMap":{"0":{"start":{"line":1,"column":0},"end":{"line":1,"column":33}},"1":{"start":{"line":2,"column":0},"end":{"line":2,"column":46}},"2":{"start":{"line":3,"column":0},"end":{"line":3,"column":44}},"3":{"start":{"line":4,"column":0},"end":{"line":4,"column":42}},"4":{"start":{"line":5,"column":0},"end":{"line":5,"column":40}},"5":{"start":{"line":6,"column":0},"end":{"line":6,"column":38}},"6":{"start":{"line":8,"column":13},"end":{"line":14,"column":2}}},"fnMap":{},"branchMap":{},"s":{"0":5,"1":5,"2":5,"3":5,"4":5,"5":5,"6":5},"f":{},"b":{}}
,"/Users/ayobamiadelakun/Documents/projects/uni-admin/server/src/graphql/resolvers/course/index.ts": {"path":"/Users/ayobamiadelakun/Documents/projects/uni-admin/server/src/graphql/resolvers/course/index.ts","statementMap":{"0":{"start":{"line":4,"column":13},"end":{"line":20,"column":null}},"1":{"start":{"line":6,"column":62},"end":{"line":13,"column":null}},"2":{"start":{"line":8,"column":21},"end":{"line":8,"column":24}},"3":{"start":{"line":10,"column":22},"end":{"line":10,"column":47}},"4":{"start":{"line":12,"column":6},"end":{"line":12,"column":null}},"5":{"start":{"line":17,"column":6},"end":{"line":17,"column":35}}},"fnMap":{"0":{"name":"(anonymous_7)","decl":{"start":{"line":6,"column":16},"end":{"line":6,"column":23}},"loc":{"start":{"line":6,"column":62},"end":{"line":13,"column":null}}},"1":{"name":"(anonymous_8)","decl":{"start":{"line":6,"column":62},"end":{"line":6,"column":null}},"loc":{"start":{"line":6,"column":62},"end":{"line":13,"column":5}}},"2":{"name":"(anonymous_9)","decl":{"start":{"line":16,"column":8},"end":{"line":16,"column":9}},"loc":{"start":{"line":16,"column":35},"end":{"line":18,"column":5}}}},"branchMap":{},"s":{"0":5,"1":1,"2":1,"3":1,"4":1,"5":20},"f":{"0":1,"1":1,"2":20},"b":{}}
,"/Users/ayobamiadelakun/Documents/projects/uni-admin/server/src/graphql/resolvers/login/index.ts": {"path":"/Users/ayobamiadelakun/Documents/projects/uni-admin/server/src/graphql/resolvers/login/index.ts","statementMap":{"0":{"start":{"line":2,"column":0},"end":{"line":2,"column":28}},"1":{"start":{"line":4,"column":0},"end":{"line":4,"column":53}},"2":{"start":{"line":7,"column":13},"end":{"line":53,"column":2}},"3":{"start":{"line":13,"column":23},"end":{"line":51,"column":null}},"4":{"start":{"line":14,"column":49},"end":{"line":14,"column":59}},"5":{"start":{"line":15,"column":31},"end":{"line":15,"column":34}},"6":{"start":{"line":16,"column":6},"end":{"line":50,"column":null}},"7":{"start":{"line":17,"column":23},"end":{"line":21,"column":14}},"8":{"start":{"line":23,"column":8},"end":{"line":25,"column":null}},"9":{"start":{"line":24,"column":10},"end":{"line":24,"column":20}},"10":{"start":{"line":27,"column":8},"end":{"line":31,"column":null}},"11":{"start":{"line":28,"column":10},"end":{"line":30,"column":12}},"12":{"start":{"line":33,"column":8},"end":{"line":43,"column":null}},"13":{"start":{"line":34,"column":24},"end":{"line":36,"column":null}},"14":{"start":{"line":39,"column":10},"end":{"line":42,"column":14}},"15":{"start":{"line":40,"column":12},"end":{"line":42,"column":14}},"16":{"start":{"line":45,"column":8},"end":{"line":45,"column":42}},"17":{"start":{"line":47,"column":8},"end":{"line":47,"column":22}},"18":{"start":{"line":49,"column":8},"end":{"line":49,"column":56}}},"fnMap":{"0":{"name":"(anonymous_8)","decl":{"start":{"line":9,"column":11},"end":{"line":9,"column":null}},"loc":{"start":{"line":13,"column":23},"end":{"line":51,"column":null}}},"1":{"name":"(anonymous_9)","decl":{"start":{"line":13,"column":23},"end":{"line":13,"column":null}},"loc":{"start":{"line":13,"column":23},"end":{"line":51,"column":5}}}},"branchMap":{"0":{"loc":{"start":{"line":18,"column":12},"end":{"line":18,"column":53}},"type":"cond-expr","locations":[{"start":{"line":18,"column":12},"end":{"line":18,"column":53}},{"start":{"line":19,"column":12},"end":{"line":21,"column":14}}]},"1":{"loc":{"start":{"line":23,"column":8},"end":{"line":25,"column":null}},"type":"if","locations":[{"start":{"line":23,"column":8},"end":{"line":25,"column":null}},{"start":{"line":23,"column":8},"end":{"line":25,"column":null}}]},"2":{"loc":{"start":{"line":23,"column":12},"end":{"line":23,"column":19}},"type":"binary-expr","locations":[{"start":{"line":23,"column":12},"end":{"line":23,"column":19}},{"start":{"line":23,"column":23},"end":{"line":23,"column":33}}]},"3":{"loc":{"start":{"line":27,"column":8},"end":{"line":31,"column":null}},"type":"if","locations":[{"start":{"line":27,"column":8},"end":{"line":31,"column":null}},{"start":{"line":27,"column":8},"end":{"line":31,"column":null}}]},"4":{"loc":{"start":{"line":33,"column":8},"end":{"line":43,"column":null}},"type":"if","locations":[{"start":{"line":33,"column":8},"end":{"line":43,"column":null}},{"start":{"line":33,"column":8},"end":{"line":43,"column":null}}]},"5":{"loc":{"start":{"line":36,"column":30},"end":{"line":36,"column":45}},"type":"cond-expr","locations":[{"start":{"line":36,"column":30},"end":{"line":36,"column":45}},{"start":{"line":36,"column":48},"end":{"line":36,"column":50}}]},"6":{"loc":{"start":{"line":39,"column":10},"end":{"line":42,"column":14}},"type":"if","locations":[{"start":{"line":39,"column":10},"end":{"line":42,"column":14}},{"start":{"line":39,"column":10},"end":{"line":42,"column":14}}]}},"s":{"0":5,"1":5,"2":5,"3":4,"4":4,"5":4,"6":4,"7":4,"8":4,"9":1,"10":3,"11":1,"12":2,"13":2,"14":2,"15":1,"16":1,"17":1,"18":2},"f":{"0":4,"1":4},"b":{"0":[1,3],"1":[1,3],"2":[4,2],"3":[1,2],"4":[2,0],"5":[1,1],"6":[1,1]}}
,"/Users/ayobamiadelakun/Documents/projects/uni-admin/server/src/graphql/resolvers/student/index.ts": {"path":"/Users/ayobamiadelakun/Documents/projects/uni-admin/server/src/graphql/resolvers/student/index.ts","statementMap":{"0":{"start":{"line":2,"column":0},"end":{"line":2,"column":35}},"1":{"start":{"line":6,"column":13},"end":{"line":99,"column":2}},"2":{"start":{"line":12,"column":26},"end":{"line":47,"column":null}},"3":{"start":{"line":13,"column":6},"end":{"line":46,"column":null}},"4":{"start":{"line":15,"column":37},"end":{"line":15,"column":41}},"5":{"start":{"line":16,"column":23},"end":{"line":16,"column":26}},"6":{"start":{"line":17,"column":22},"end":{"line":17,"column":26}},"7":{"start":{"line":19,"column":8},"end":{"line":21,"column":11}},"8":{"start":{"line":23,"column":8},"end":{"line":25,"column":null}},"9":{"start":{"line":24,"column":10},"end":{"line":24,"column":47}},"10":{"start":{"line":27,"column":8},"end":{"line":37,"column":10}},"11":{"start":{"line":39,"column":8},"end":{"line":41,"column":null}},"12":{"start":{"line":40,"column":10},"end":{"line":40,"column":56}},"13":{"start":{"line":43,"column":8},"end":{"line":43,"column":29}},"14":{"start":{"line":45,"column":8},"end":{"line":45,"column":56}},"15":{"start":{"line":53,"column":26},"end":{"line":79,"column":null}},"16":{"start":{"line":54,"column":6},"end":{"line":78,"column":null}},"17":{"start":{"line":56,"column":23},"end":{"line":56,"column":26}},"18":{"start":{"line":57,"column":40},"end":{"line":57,"column":44}},"19":{"start":{"line":59,"column":24},"end":{"line":68,"column":null}},"20":{"start":{"line":71,"column":8},"end":{"line":73,"column":null}},"21":{"start":{"line":72,"column":10},"end":{"line":72,"column":58}},"22":{"start":{"line":75,"column":8},"end":{"line":75,"column":29}},"23":{"start":{"line":77,"column":8},"end":{"line":77,"column":56}},"24":{"start":{"line":83,"column":6},"end":{"line":83,"column":36}},"25":{"start":{"line":85,"column":73},"end":{"line":97,"column":null}},"26":{"start":{"line":86,"column":21},"end":{"line":86,"column":24}},"27":{"start":{"line":87,"column":28},"end":{"line":89,"column":8}},"28":{"start":{"line":91,"column":6},"end":{"line":93,"column":null}},"29":{"start":{"line":92,"column":8},"end":{"line":92,"column":45}},"30":{"start":{"line":95,"column":22},"end":{"line":95,"column":51}},"31":{"start":{"line":96,"column":6},"end":{"line":96,"column":21}}},"fnMap":{"0":{"name":"(anonymous_7)","decl":{"start":{"line":8,"column":20},"end":{"line":8,"column":null}},"loc":{"start":{"line":12,"column":26},"end":{"line":47,"column":null}}},"1":{"name":"(anonymous_8)","decl":{"start":{"line":12,"column":26},"end":{"line":12,"column":null}},"loc":{"start":{"line":12,"column":26},"end":{"line":47,"column":5}}},"2":{"name":"(anonymous_9)","decl":{"start":{"line":49,"column":22},"end":{"line":49,"column":null}},"loc":{"start":{"line":53,"column":26},"end":{"line":79,"column":null}}},"3":{"name":"(anonymous_10)","decl":{"start":{"line":53,"column":26},"end":{"line":53,"column":null}},"loc":{"start":{"line":53,"column":26},"end":{"line":79,"column":5}}},"4":{"name":"(anonymous_11)","decl":{"start":{"line":82,"column":8},"end":{"line":82,"column":9}},"loc":{"start":{"line":82,"column":37},"end":{"line":84,"column":5}}},"5":{"name":"(anonymous_12)","decl":{"start":{"line":85,"column":13},"end":{"line":85,"column":20}},"loc":{"start":{"line":85,"column":73},"end":{"line":97,"column":null}}},"6":{"name":"(anonymous_13)","decl":{"start":{"line":85,"column":73},"end":{"line":85,"column":null}},"loc":{"start":{"line":85,"column":73},"end":{"line":97,"column":5}}}},"branchMap":{"0":{"loc":{"start":{"line":23,"column":8},"end":{"line":25,"column":null}},"type":"if","locations":[{"start":{"line":23,"column":8},"end":{"line":25,"column":null}},{"start":{"line":23,"column":8},"end":{"line":25,"column":null}}]},"1":{"loc":{"start":{"line":39,"column":8},"end":{"line":41,"column":null}},"type":"if","locations":[{"start":{"line":39,"column":8},"end":{"line":41,"column":null}},{"start":{"line":39,"column":8},"end":{"line":41,"column":null}}]},"2":{"loc":{"start":{"line":71,"column":8},"end":{"line":73,"column":null}},"type":"if","locations":[{"start":{"line":71,"column":8},"end":{"line":73,"column":null}},{"start":{"line":71,"column":8},"end":{"line":73,"column":null}}]},"3":{"loc":{"start":{"line":91,"column":6},"end":{"line":93,"column":null}},"type":"if","locations":[{"start":{"line":91,"column":6},"end":{"line":93,"column":null}},{"start":{"line":91,"column":6},"end":{"line":93,"column":null}}]}},"s":{"0":5,"1":5,"2":3,"3":3,"4":3,"5":3,"6":3,"7":3,"8":3,"9":1,"10":2,"11":2,"12":1,"13":1,"14":2,"15":2,"16":2,"17":2,"18":2,"19":2,"20":2,"21":1,"22":1,"23":1,"24":11,"25":3,"26":3,"27":3,"28":3,"29":0,"30":3,"31":3},"f":{"0":3,"1":3,"2":2,"3":2,"4":11,"5":3,"6":3},"b":{"0":[1,2],"1":[1,1],"2":[1,1],"3":[0,3]}}
,"/Users/ayobamiadelakun/Documents/projects/uni-admin/server/src/graphql/resolvers/students/index.ts": {"path":"/Users/ayobamiadelakun/Documents/projects/uni-admin/server/src/graphql/resolvers/students/index.ts","statementMap":{"0":{"start":{"line":2,"column":0},"end":{"line":2,"column":35}},"1":{"start":{"line":6,"column":13},"end":{"line":63,"column":2}},"2":{"start":{"line":12,"column":31},"end":{"line":38,"column":null}},"3":{"start":{"line":13,"column":6},"end":{"line":37,"column":null}},"4":{"start":{"line":15,"column":23},"end":{"line":15,"column":26}},"5":{"start":{"line":16,"column":37},"end":{"line":16,"column":41}},"6":{"start":{"line":18,"column":35},"end":{"line":21,"column":10}},"7":{"start":{"line":23,"column":21},"end":{"line":23,"column":25}},"8":{"start":{"line":24,"column":8},"end":{"line":24,"column":42}},"9":{"start":{"line":26,"column":8},"end":{"line":29,"column":null}},"10":{"start":{"line":27,"column":10},"end":{"line":27,"column":66}},"11":{"start":{"line":28,"column":10},"end":{"line":28,"column":39}},"12":{"start":{"line":31,"column":8},"end":{"line":31,"column":42}},"13":{"start":{"line":32,"column":8},"end":{"line":32,"column":46}},"14":{"start":{"line":34,"column":8},"end":{"line":34,"column":20}},"15":{"start":{"line":36,"column":8},"end":{"line":36,"column":56}},"16":{"start":{"line":43,"column":26},"end":{"line":61,"column":null}},"17":{"start":{"line":44,"column":6},"end":{"line":60,"column":null}},"18":{"start":{"line":46,"column":23},"end":{"line":46,"column":27}},"19":{"start":{"line":47,"column":23},"end":{"line":47,"column":26}},"20":{"start":{"line":49,"column":24},"end":{"line":51,"column":10}},"21":{"start":{"line":53,"column":8},"end":{"line":55,"column":null}},"22":{"start":{"line":54,"column":10},"end":{"line":54,"column":47}},"23":{"start":{"line":57,"column":8},"end":{"line":57,"column":23}},"24":{"start":{"line":59,"column":8},"end":{"line":59,"column":56}}},"fnMap":{"0":{"name":"(anonymous_7)","decl":{"start":{"line":8,"column":14},"end":{"line":8,"column":null}},"loc":{"start":{"line":12,"column":31},"end":{"line":38,"column":null}}},"1":{"name":"(anonymous_8)","decl":{"start":{"line":12,"column":31},"end":{"line":12,"column":null}},"loc":{"start":{"line":12,"column":31},"end":{"line":38,"column":5}}},"2":{"name":"(anonymous_9)","decl":{"start":{"line":39,"column":20},"end":{"line":39,"column":null}},"loc":{"start":{"line":43,"column":26},"end":{"line":61,"column":null}}},"3":{"name":"(anonymous_10)","decl":{"start":{"line":43,"column":26},"end":{"line":43,"column":null}},"loc":{"start":{"line":43,"column":26},"end":{"line":61,"column":5}}}},"branchMap":{"0":{"loc":{"start":{"line":26,"column":8},"end":{"line":29,"column":null}},"type":"if","locations":[{"start":{"line":26,"column":8},"end":{"line":29,"column":null}},{"start":{"line":26,"column":8},"end":{"line":29,"column":null}}]},"1":{"loc":{"start":{"line":27,"column":42},"end":{"line":27,"column":60}},"type":"cond-expr","locations":[{"start":{"line":27,"column":42},"end":{"line":27,"column":60}},{"start":{"line":27,"column":63},"end":{"line":27,"column":64}}]},"2":{"loc":{"start":{"line":53,"column":8},"end":{"line":55,"column":null}},"type":"if","locations":[{"start":{"line":53,"column":8},"end":{"line":55,"column":null}},{"start":{"line":53,"column":8},"end":{"line":55,"column":null}}]}},"s":{"0":5,"1":5,"2":2,"3":2,"4":2,"5":2,"6":2,"7":2,"8":2,"9":2,"10":1,"11":1,"12":2,"13":2,"14":2,"15":0,"16":2,"17":2,"18":2,"19":2,"20":2,"21":2,"22":1,"23":1,"24":1},"f":{"0":2,"1":2,"2":2,"3":2},"b":{"0":[1,1],"1":[1,0],"2":[1,1]}}
,"/Users/ayobamiadelakun/Documents/projects/uni-admin/server/src/graphql/resolvers/user/index.ts": {"path":"/Users/ayobamiadelakun/Documents/projects/uni-admin/server/src/graphql/resolvers/user/index.ts","statementMap":{"0":{"start":{"line":5,"column":0},"end":{"line":5,"column":60}},"1":{"start":{"line":8,"column":13},"end":{"line":25,"column":null}},"2":{"start":{"line":11,"column":6},"end":{"line":18,"column":null}},"3":{"start":{"line":12,"column":24},"end":{"line":12,"column":27}},"4":{"start":{"line":13,"column":8},"end":{"line":13,"column":48}},"5":{"start":{"line":15,"column":8},"end":{"line":15,"column":18}},"6":{"start":{"line":17,"column":8},"end":{"line":17,"column":56}},"7":{"start":{"line":22,"column":24},"end":{"line":22,"column":32}},"8":{"start":{"line":23,"column":23},"end":{"line":23,"column":27}}},"fnMap":{"0":{"name":"(anonymous_0)","decl":{"start":{"line":10,"column":12},"end":{"line":10,"column":13}},"loc":{"start":{"line":10,"column":47},"end":{"line":19,"column":5}}},"1":{"name":"(anonymous_1)","decl":{"start":{"line":22,"column":8},"end":{"line":22,"column":9}},"loc":{"start":{"line":22,"column":24},"end":{"line":22,"column":32}}},"2":{"name":"(anonymous_2)","decl":{"start":{"line":23,"column":17},"end":{"line":23,"column":20}},"loc":{"start":{"line":23,"column":23},"end":{"line":23,"column":27}}}},"branchMap":{},"s":{"0":5,"1":5,"2":1,"3":1,"4":1,"5":1,"6":0,"7":3,"8":3},"f":{"0":1,"1":3,"2":3},"b":{}}
,"/Users/ayobamiadelakun/Documents/projects/uni-admin/server/src/graphql/typeDefs/index.ts": {"path":"/Users/ayobamiadelakun/Documents/projects/uni-admin/server/src/graphql/typeDefs/index.ts","statementMap":{"0":{"start":{"line":1,"column":0},"end":{"line":1,"column":44}},"1":{"start":{"line":3,"column":13},"end":{"line":61,"column":2}}},"fnMap":{},"branchMap":{},"s":{"0":5,"1":5},"f":{},"b":{}}
,"/Users/ayobamiadelakun/Documents/projects/uni-admin/server/src/utils/cookieHelper.ts": {"path":"/Users/ayobamiadelakun/Documents/projects/uni-admin/server/src/utils/cookieHelper.ts","statementMap":{"0":{"start":{"line":2,"column":0},"end":{"line":2,"column":34}},"1":{"start":{"line":5,"column":13},"end":{"line":10,"column":null}},"2":{"start":{"line":12,"column":13},"end":{"line":33,"column":null}},"3":{"start":{"line":14,"column":4},"end":{"line":19,"column":null}},"4":{"start":{"line":15,"column":6},"end":{"line":18,"column":null}},"5":{"start":{"line":21,"column":70},"end":{"line":32,"column":null}},"6":{"start":{"line":22,"column":19},"end":{"line":24,"column":6}},"7":{"start":{"line":26,"column":4},"end":{"line":29,"column":null}},"8":{"start":{"line":27,"column":6},"end":{"line":27,"column":31}},"9":{"start":{"line":28,"column":6},"end":{"line":28,"column":18}},"10":{"start":{"line":31,"column":4},"end":{"line":31,"column":18}}},"fnMap":{"0":{"name":"(anonymous_7)","decl":{"start":{"line":13,"column":13},"end":{"line":13,"column":14}},"loc":{"start":{"line":13,"column":57},"end":{"line":20,"column":3}}},"1":{"name":"(anonymous_8)","decl":{"start":{"line":21,"column":18},"end":{"line":21,"column":25}},"loc":{"start":{"line":21,"column":70},"end":{"line":32,"column":null}}},"2":{"name":"(anonymous_9)","decl":{"start":{"line":21,"column":70},"end":{"line":21,"column":null}},"loc":{"start":{"line":21,"column":70},"end":{"line":32,"column":3}}}},"branchMap":{"0":{"loc":{"start":{"line":9,"column":51},"end":{"line":9,"column":56}},"type":"cond-expr","locations":[{"start":{"line":9,"column":51},"end":{"line":9,"column":56}},{"start":{"line":9,"column":59},"end":{"line":9,"column":63}}]},"1":{"loc":{"start":{"line":14,"column":4},"end":{"line":19,"column":null}},"type":"if","locations":[{"start":{"line":14,"column":4},"end":{"line":19,"column":null}},{"start":{"line":14,"column":4},"end":{"line":19,"column":null}}]},"2":{"loc":{"start":{"line":26,"column":4},"end":{"line":29,"column":null}},"type":"if","locations":[{"start":{"line":26,"column":4},"end":{"line":29,"column":null}},{"start":{"line":26,"column":4},"end":{"line":29,"column":null}}]}},"s":{"0":5,"1":5,"2":5,"3":0,"4":0,"5":0,"6":0,"7":0,"8":0,"9":0,"10":0},"f":{"0":0,"1":0,"2":0},"b":{"0":[0,5],"1":[0,0],"2":[0,0]}}
}
