TN:
SF:src/__tests__/helpers.ts
FN:7,(anonymous_0)
FN:13,(anonymous_1)
FNF:2
FNH:2
FNDA:15,(anonymous_0)
FNDA:15,(anonymous_1)
DA:1,5
DA:2,5
DA:4,5
DA:7,5
DA:8,15
DA:13,15
DA:16,15
LF:7
LH:7
BRF:0
BRH:0
end_of_record
TN:
SF:src/__tests__/mutations/mutations.ts
FNF:0
FNH:0
DA:1,3
DA:3,3
DA:16,3
DA:28,3
DA:38,3
LF:5
LH:5
BRF:0
BRH:0
end_of_record
TN:
SF:src/__tests__/queries/queries.ts
FNF:0
FNH:0
DA:1,2
DA:3,2
DA:14,2
DA:26,2
LF:4
LH:4
BRF:0
BRH:0
end_of_record
TN:
SF:src/__tests__/test_data/index.ts
FNF:0
FNH:0
DA:1,4
DA:3,4
DA:47,4
DA:86,4
LF:4
LH:4
BRF:0
BRH:0
end_of_record
TN:
SF:src/graphql/index.ts
FNF:0
FNH:0
DA:1,5
DA:2,5
LF:2
LH:2
BRF:0
BRH:0
end_of_record
TN:
SF:src/graphql/resolvers/index.ts
FNF:0
FNH:0
DA:1,5
DA:2,5
DA:3,5
DA:4,5
DA:5,5
DA:6,5
DA:8,5
LF:7
LH:7
BRF:0
BRH:0
end_of_record
TN:
SF:src/graphql/resolvers/course/index.ts
FN:6,(anonymous_7)
FN:6,(anonymous_8)
FN:15,(anonymous_9)
FNF:3
FNH:3
FNDA:1,(anonymous_7)
FNDA:1,(anonymous_8)
FNDA:20,(anonymous_9)
DA:4,5
DA:6,1
DA:7,1
DA:9,1
DA:11,1
DA:16,20
LF:6
LH:6
BRF:0
BRH:0
end_of_record
TN:
SF:src/graphql/resolvers/login/index.ts
FN:9,(anonymous_8)
FN:13,(anonymous_9)
FNF:2
FNH:2
FNDA:4,(anonymous_8)
FNDA:4,(anonymous_9)
DA:2,5
DA:4,5
DA:7,5
DA:13,4
DA:14,4
DA:15,4
DA:16,4
DA:17,4
DA:23,4
DA:24,1
DA:27,3
DA:28,1
DA:33,2
DA:34,2
DA:39,2
DA:40,1
DA:45,1
DA:47,1
DA:49,2
LF:19
LH:19
BRDA:18,0,0,1
BRDA:18,0,1,3
BRDA:23,1,0,1
BRDA:23,1,1,3
BRDA:23,2,0,4
BRDA:23,2,1,2
BRDA:27,3,0,1
BRDA:27,3,1,2
BRDA:33,4,0,2
BRDA:33,4,1,0
BRDA:36,5,0,1
BRDA:36,5,1,1
BRDA:39,6,0,1
BRDA:39,6,1,1
BRF:14
BRH:13
end_of_record
TN:
SF:src/graphql/resolvers/student/index.ts
FN:8,(anonymous_7)
FN:12,(anonymous_8)
FN:48,(anonymous_9)
FN:52,(anonymous_10)
FN:80,(anonymous_11)
FN:83,(anonymous_12)
FN:83,(anonymous_13)
FNF:7
FNH:7
FNDA:3,(anonymous_7)
FNDA:3,(anonymous_8)
FNDA:2,(anonymous_9)
FNDA:2,(anonymous_10)
FNDA:11,(anonymous_11)
FNDA:3,(anonymous_12)
FNDA:3,(anonymous_13)
DA:2,5
DA:6,5
DA:12,3
DA:13,3
DA:14,3
DA:15,3
DA:16,3
DA:18,3
DA:22,3
DA:23,1
DA:26,2
DA:38,2
DA:39,1
DA:42,1
DA:44,2
DA:52,2
DA:53,2
DA:54,2
DA:55,2
DA:57,2
DA:69,2
DA:70,1
DA:73,1
DA:75,1
DA:81,11
DA:83,3
DA:84,3
DA:85,3
DA:89,3
DA:90,0
DA:93,3
DA:94,3
LF:32
LH:31
BRDA:22,0,0,1
BRDA:22,0,1,2
BRDA:38,1,0,1
BRDA:38,1,1,1
BRDA:69,2,0,1
BRDA:69,2,1,1
BRDA:89,3,0,0
BRDA:89,3,1,3
BRF:8
BRH:7
end_of_record
TN:
SF:src/graphql/resolvers/students/index.ts
FN:8,(anonymous_7)
FN:12,(anonymous_8)
FN:38,(anonymous_9)
FN:42,(anonymous_10)
FNF:4
FNH:4
FNDA:2,(anonymous_7)
FNDA:2,(anonymous_8)
FNDA:2,(anonymous_9)
FNDA:2,(anonymous_10)
DA:2,5
DA:6,5
DA:12,2
DA:13,2
DA:14,2
DA:15,2
DA:17,2
DA:22,2
DA:23,2
DA:25,2
DA:26,1
DA:27,1
DA:30,2
DA:31,2
DA:33,2
DA:35,0
DA:42,2
DA:43,2
DA:44,2
DA:45,2
DA:47,2
DA:51,2
DA:52,1
DA:55,1
DA:57,1
LF:25
LH:24
BRDA:25,0,0,1
BRDA:25,0,1,1
BRDA:26,1,0,1
BRDA:26,1,1,0
BRDA:51,2,0,1
BRDA:51,2,1,1
BRF:6
BRH:5
end_of_record
TN:
SF:src/graphql/resolvers/user/index.ts
FN:10,(anonymous_0)
FN:22,(anonymous_1)
FN:23,(anonymous_2)
FNF:3
FNH:3
FNDA:1,(anonymous_0)
FNDA:3,(anonymous_1)
FNDA:3,(anonymous_2)
DA:5,5
DA:8,5
DA:11,1
DA:12,1
DA:13,1
DA:15,1
DA:17,0
DA:22,3
DA:23,3
LF:9
LH:8
BRF:0
BRH:0
end_of_record
TN:
SF:src/graphql/typeDefs/index.ts
FNF:0
FNH:0
DA:1,5
DA:3,5
LF:2
LH:2
BRF:0
BRH:0
end_of_record
TN:
SF:src/utils/cookieHelper.ts
FN:13,(anonymous_7)
FN:21,(anonymous_8)
FN:21,(anonymous_9)
FNF:3
FNH:0
FNDA:0,(anonymous_7)
FNDA:0,(anonymous_8)
FNDA:0,(anonymous_9)
DA:2,5
DA:5,5
DA:12,5
DA:14,0
DA:15,0
DA:21,0
DA:22,0
DA:26,0
DA:27,0
DA:28,0
DA:31,0
LF:11
LH:3
BRDA:9,0,0,0
BRDA:9,0,1,5
BRDA:14,1,0,0
BRDA:14,1,1,0
BRDA:26,2,0,0
BRDA:26,2,1,0
BRF:6
BRH:1
end_of_record
